<?xml version='1.0' encoding='UTF-8'?>
<testsuite hostname="Andres-MacBook-Air.local" name="io.andrelucas.event.domain.entities.EventTest" tests="8" errors="0" failures="0" skipped="0" time="0.044" timestamp="2024-05-03T11:01:25">
          <properties>
      <property name="java.specification.version" value="21"/><property name="sun.jnu.encoding" value="UTF-8"/><property name="sun.arch.data.model" value="64"/><property name="java.vendor.url" value="https://java.oracle.com/"/><property name="sun.boot.library.path" value="/Users/andrelucas/.jabba/jdk/openjdk@21/Contents/Home/lib"/><property name="sun.java.command" value="/opt/homebrew/Cellar/sbt/1.9.9/libexec/bin/sbt-launch.jar clean test"/><property name="jdk.debug" value="release"/><property name="java.specification.vendor" value="Oracle Corporation"/><property name="java.version.date" value="2023-09-19"/><property name="java.home" value="/Users/andrelucas/.jabba/jdk/openjdk@21/Contents/Home"/><property name="file.separator" value="/"/><property name="java.vm.compressedOopsMode" value="Zero based"/><property name="line.separator" value="
"/><property name="java.vm.specification.vendor" value="Oracle Corporation"/><property name="java.specification.name" value="Java Platform API Specification"/><property name="sun.management.compiler" value="HotSpot 64-Bit Tiered Compilers"/><property name="java.runtime.version" value="21-ea+32-2482"/><property name="user.name" value="andrelucas"/><property name="log4j.ignoreTCL" value="true"/><property name="file.encoding" value="UTF-8"/><property name="java.io.tmpdir" value="/var/folders/qj/9tp_fhqd4wq7g6j_rcdx3hjm0000gn/T/"/><property name="java.version" value="21-ea"/><property name="java.vm.specification.name" value="Java Virtual Machine Specification"/><property name="native.encoding" value="UTF-8"/><property name="java.library.path" value="/Users/andrelucas/Library/Java/Extensions:/Library/Java/Extensions:/Network/Library/Java/Extensions:/System/Library/Java/Extensions:/usr/lib/java:."/><property name="stderr.encoding" value="UTF-8"/><property name="java.vendor" value="Oracle Corporation"/><property name="scala.ext.dirs" value="/Users/andrelucas/.sbt/1.0/java9-rt-ext-oracle_corporation_21_ea"/><property name="sun.io.unicode.encoding" value="UnicodeBig"/><property name="socksNonProxyHosts" value="local|*.local|169.254/16|*.169.254/16"/><property name="java.class.path" value="/opt/homebrew/Cellar/sbt/1.9.9/libexec/bin/sbt-launch.jar"/><property name="java.vm.vendor" value="Oracle Corporation"/><property name="jline.shutdownhook" value="false"/><property name="user.timezone" value="Europe/Lisbon"/><property name="java.vm.specification.version" value="21"/><property name="os.name" value="Mac OS X"/><property name="sun.java.launcher" value="SUN_STANDARD"/><property name="user.country" value="PT"/><property name="http.nonProxyHosts" value="local|*.local|169.254/16|*.169.254/16"/><property name="sun.cpu.endian" value="little"/><property name="user.home" value="/Users/andrelucas"/><property name="user.language" value="en"/><property name="sbt.script" value="/opt/homebrew/Cellar/sbt/1.9.9/libexec/bin/sbt"/><property name="sbt.ipcsocket.tmpdir" value="/var/folders/qj/9tp_fhqd4wq7g6j_rcdx3hjm0000gn/T/.sbtb033038f/ipcsocket"/><property name="swoval.tmpdir" value="/var/folders/qj/9tp_fhqd4wq7g6j_rcdx3hjm0000gn/T/.sbtb033038f/swoval"/><property name="apple.awt.application.name" value="Boot"/><property name="jline.esc.timeout" value="0"/><property name="ftp.nonProxyHosts" value="local|*.local|169.254/16|*.169.254/16"/><property name="stdout.encoding" value="UTF-8"/><property name="path.separator" value=":"/><property name="os.version" value="14.4.1"/><property name="jna.nosys" value="true"/><property name="java.runtime.name" value="OpenJDK Runtime Environment"/><property name="java.vm.name" value="OpenJDK 64-Bit Server VM"/><property name="java.vendor.url.bug" value="https://bugreport.java.com/bugreport/"/><property name="user.dir" value="/Users/andrelucas/IEFP/code-source/ddd-tickets-event"/><property name="os.arch" value="aarch64"/><property name="java.vm.info" value="mixed mode, sharing"/><property name="java.vm.version" value="21-ea+32-2482"/><property name="java.class.version" value="65.0"/>
    </properties>
          <testcase classname="io.andrelucas.event.domain.entities.EventTest" name="should create an event" time="0.014">
                      
                    </testcase><testcase classname="io.andrelucas.event.domain.entities.EventTest" name="should sum total spots when a section is created" time="0.005">
                      
                    </testcase><testcase classname="io.andrelucas.event.domain.entities.EventTest" name="should sum total spots reserved when a section is created with spots reserved" time="0.0">
                      
                    </testcase><testcase classname="io.andrelucas.event.domain.entities.EventTest" name="should create an event section" time="0.009">
                      
                    </testcase><testcase classname="io.andrelucas.event.domain.entities.EventTest" name="should publish a section when an event is published" time="0.005">
                      
                    </testcase><testcase classname="io.andrelucas.event.domain.entities.EventTest" name="should unpublish a section when an event is unpublished" time="0.0">
                      
                    </testcase><testcase classname="io.andrelucas.event.domain.entities.EventTest" name="should publish all section when an event is published" time="0.009">
                      
                    </testcase><testcase classname="io.andrelucas.event.domain.entities.EventTest" name="should unpublish all section when an event is unpublished" time="0.002">
                      
                    </testcase>
          <system-out><![CDATA[]]></system-out>
          <system-err><![CDATA[]]></system-err>
        </testsuite>